----------------------------------------------------------------------------------------------------
------------------------------------------- Mega-Linter --------------------------------------------
----------------------------------------------------------------------------------------------------
 - Image Creation Date: 2021-01-14T11:01:36Z
 - Image Revision: f6586ea
 - Image Version: v4
----------------------------------------------------------------------------------------------------
The Mega-Linter documentation can be found at:
 - https://nvuillam.github.io/mega-linter
----------------------------------------------------------------------------------------------------
GITHUB_REPOSITORY: nvuillam/markdown-table-formatter
GITHUB_SHA: 79f78124b6dd2b257a298fd347bc750d80a53bbb
GITHUB_TOKEN: v1.09b1e05867472dc70b3115e40889286a39b0a97f
GITHUB_RUN_ID: 485269549


Skipped linters: ANSIBLE_ANSIBLE_LINT, EDITORCONFIG_EDITORCONFIG_CHECKER, JAVASCRIPT_STANDARD, KUBERNETES_KUBEVAL, MARKDOWN_REMARK_LINT, SALESFORCE_SFDX_SCANNER, TYPESCRIPT_PRETTIER, TYPESCRIPT_STANDARD
To receive reports as email, please set variable EMAIL_REPORTER_EMAIL
Listing all files in directory [/github/workspace], then filter with:
- File extensions: , .R, .RMD, .Rmd, .bash, .c, .c++, .cc, .cdxml, .clj, .cljc, .cljs, .coffee, .cpp, .cs, .css, .cu, .cuh, .cxx, .dart, .dash, .edn, .env, .feature, .go, .gradle, .graphql, .groovy, .gvy, .h, .h++, .hcl, .hh, .hpp, .htm, .html, .hxx, .java, .js, .json, .json5, .jsonc, .jsx, .ksh, .kt, .kts, .lua, .md, .nf, .p6, .php, .pl, .pl6, .pm, .pm6, .pp, .proto, .ps1, .ps1xml, .psd1, .psm1, .psrc, .pssc, .py, .r, .raku, .rakumod, .rakutest, .rb, .rs, .rst, .saas, .scala, .scss, .sh, .smk, .sql, .t, .tex, .tf, .ts, .tsx, .vb, .vue, .xml, .yaml, .yml
- File names (regex): Dockerfile, Jenkinsfile, Snakefile
- Excluding regex: (test_files)
Kept [23] files on [25] found files

+----MATCHING LINTERS--------------+---------------------+----------------+------------+
| Descriptor | Linter              | Criteria            | Matching files | Format/Fix |
+------------+---------------------+---------------------+----------------+------------+
| COPYPASTE  | jscpd               |                     | project        | no         |
| GIT        | git_diff            |                     | project        | no         |
| JAVASCRIPT | eslint              | .js|.vue            | 8              | yes        |
| JAVASCRIPT | prettier            | .js                 | 8              | yes        |
| JSON       | jsonlint            | .json               | 4              | no         |
| JSON       | eslint-plugin-jsonc | .json|.json5|.jsonc | 4              | yes        |
| JSON       | v8r                 | .json               | 4              | no         |
| MARKDOWN   | markdownlint        | .md                 | 4              | yes        |
| MARKDOWN   | markdown-link-check | .md                 | 4              | no         |
| SPELL      | misspell            |                     | 23             | yes        |
| SPELL      | cspell              |                     | 23             | no         |
| YAML       | yamllint            | .yml|.yaml          | 5              | no         |
| YAML       | v8r                 | .yml|.yaml          | 5              | no         |
+------------+---------------------+---------------------+----------------+------------+


### Processing [GIT] files
- Using [git_diff v2.26.2] https://git-scm.com
- Mega-Linter key: [GIT_GIT_DIFF]
- Rules config: identified by [git_diff]
✅ Linted [GIT] files with [git_diff] successfully - (0.01s)
[Text Reporter] Generated TEXT report: /github/workspace/report/linters_logs/SUCCESS-GIT_GIT_DIFF.log

### Processing [COPYPASTE] files
- Using [jscpd v3.3.23] https://github.com/kucherenko/jscpd/tree/master/packages/jscpd
- Mega-Linter key: [COPYPASTE_JSCPD]
- Rules config: [.jscpd.json]
✅ Linted [COPYPASTE] files with [jscpd] successfully - (0.77s)
[Text Reporter] Generated TEXT report: /github/workspace/report/linters_logs/SUCCESS-COPYPASTE_JSCPD.log

### Processing [JAVASCRIPT] files
- Using [eslint v7.17.0] https://eslint.org
- Mega-Linter key: [JAVASCRIPT_ES]
- Rules config: identified by [eslint]
[eslint] .eslintrc.js
[eslint] lib/cli.js
[eslint] lib/index.js
[eslint] lib/markdown-table-formatter.js
[eslint] lib/options.js
[eslint] test/helpers/common.js
[eslint] test/helpers/init.js
[eslint] test/markdown-table-formatter.test.js
✅ Linted [JAVASCRIPT] files with [eslint] successfully - (1.29s)
[Text Reporter] Generated TEXT report: /github/workspace/report/linters_logs/SUCCESS-JAVASCRIPT_ES.log

### Processing [JSON] files
- Using [jsonlint v1.6.3] https://github.com/zaach/jsonlint
- Mega-Linter key: [JSON_JSONLINT]
- Rules config: identified by [jsonlint]
[jsonlint] .cspell.json - SUCCESS - 0 error(s)
[jsonlint] .vscode/launch.json - SUCCESS - 0 error(s)
[jsonlint] package-lock.json - SUCCESS - 0 error(s)
[jsonlint] package.json - SUCCESS - 0 error(s)
✅ Linted [JSON] files with [jsonlint] successfully - (1.04s)
[Text Reporter] Generated TEXT report: /github/workspace/report/linters_logs/SUCCESS-JSON_JSONLINT.log

### Processing [JSON] files
- Using [eslint-plugin-jsonc v7.17.0] https://ota-meshi.github.io/eslint-plugin-jsonc/
- Mega-Linter key: [JSON_ESLINT_PLUGIN_JSONC]
- Rules config: [.eslintrc-json.json]
[eslint-plugin-jsonc] .cspell.json
[eslint-plugin-jsonc] .vscode/launch.json
[eslint-plugin-jsonc] package-lock.json
[eslint-plugin-jsonc] package.json
✅ Linted [JSON] files with [eslint-plugin-jsonc] successfully - (2.01s)
[Text Reporter] Generated TEXT report: /github/workspace/report/linters_logs/SUCCESS-JSON_ESLINT_PLUGIN_JSONC.log

### Processing [JAVASCRIPT] files
- Using [prettier v2.2.1] https://prettier.io/
- Mega-Linter key: [JAVASCRIPT_PRETTIER]
- Rules config: identified by [prettier]
[prettier] .eslintrc.js - SUCCESS - 0 error(s)
[prettier] lib/cli.js - SUCCESS - 0 error(s)
[prettier] lib/index.js - SUCCESS - 0 error(s)
[prettier] lib/markdown-table-formatter.js - SUCCESS - 0 error(s)
[prettier] lib/options.js - SUCCESS - 0 error(s)
[prettier] test/helpers/common.js - SUCCESS - 0 error(s)
[prettier] test/helpers/init.js - SUCCESS - 0 error(s)
[prettier] test/markdown-table-formatter.test.js - SUCCESS - 0 error(s)
✅ Linted [JAVASCRIPT] files with [prettier] successfully - (4.11s)
[Text Reporter] Generated TEXT report: /github/workspace/report/linters_logs/SUCCESS-JAVASCRIPT_PRETTIER.log

### Processing [MARKDOWN] files
- Using [markdownlint v0.26.0] https://github.com/DavidAnson/markdownlint
- Mega-Linter key: [MARKDOWN_MARKDOWNLINT]
- Rules config: [.markdown-lint.json]
[markdownlint] CHANGELOG.md
[markdownlint] CODE_OF_CONDUCT.md - FIXED
[markdownlint] CONTRIBUTING.md
[markdownlint] README.md
✅ Linted [MARKDOWN] files with [markdownlint] successfully - (0.31s)
[Text Reporter] Generated TEXT report: /github/workspace/report/linters_logs/SUCCESS-MARKDOWN_MARKDOWNLINT.log

### Processing [JSON] files
- Using [v8r v0.5.0] https://github.com/chris48s/v8r
- Mega-Linter key: [JSON_V8R]
- Rules config: identified by [v8r]
[v8r] .cspell.json - SUCCESS - 0 error(s)
[v8r] .vscode/launch.json - SUCCESS - 0 error(s)
[v8r] package-lock.json - SUCCESS - 0 error(s)
[v8r] package.json - SUCCESS - 0 error(s)
✅ Linted [JSON] files with [v8r] successfully - (3.45s)
[Text Reporter] Generated TEXT report: /github/workspace/report/linters_logs/SUCCESS-JSON_V8R.log

### Processing [SPELL] files
- Using [misspell v0.3.4] https://github.com/client9/misspell
- Mega-Linter key: [SPELL_MISSPELL]
- Rules config: identified by [misspell]
[misspell] .cspell.json
[misspell] .eslintrc.js
[misspell] .github/workflows/deploy-PROD.yml
[misspell] .github/workflows/deploy-RELEASE.yml
[misspell] .github/workflows/mega-linter.yml
[misspell] .github/workflows/test.yml
[misspell] .gitignore
[misspell] .mega-linter.yml
[misspell] .vscode/launch.json
[misspell] CHANGELOG.md
[misspell] CODE_OF_CONDUCT.md - FIXED
[misspell] CONTRIBUTING.md
[misspell] LICENSE
[misspell] README.md
[misspell] lib/cli.js
[misspell] lib/index.js
[misspell] lib/markdown-table-formatter.js
[misspell] lib/options.js
[misspell] package-lock.json
[misspell] package.json
[misspell] test/helpers/common.js
[misspell] test/helpers/init.js
[misspell] test/markdown-table-formatter.test.js
✅ Linted [SPELL] files with [misspell] successfully - (0.08s)
[Text Reporter] Generated TEXT report: /github/workspace/report/linters_logs/SUCCESS-SPELL_MISSPELL.log

### Processing [SPELL] files
- Using [cspell v4.1.3] https://github.com/streetsidesoftware/cspell/tree/master/packages/cspell
- Mega-Linter key: [SPELL_CSPELL]
- Rules config: [/github/workspace/.cspell.json]
[cspell] .cspell.json
[cspell] .eslintrc.js
[cspell] .github/workflows/deploy-PROD.yml
[cspell] .github/workflows/deploy-RELEASE.yml
[cspell] .github/workflows/mega-linter.yml
[cspell] .github/workflows/test.yml
[cspell] .gitignore
[cspell] .mega-linter.yml
[cspell] .vscode/launch.json
[cspell] CHANGELOG.md
[cspell] CODE_OF_CONDUCT.md
[cspell] CONTRIBUTING.md
[cspell] LICENSE
[cspell] README.md
[cspell] lib/cli.js
[cspell] lib/index.js
[cspell] lib/markdown-table-formatter.js
[cspell] lib/options.js
[cspell] package-lock.json
[cspell] package.json
[cspell] test/helpers/common.js
[cspell] test/helpers/init.js
[cspell] test/markdown-table-formatter.test.js
✅ Linted [SPELL] files with [cspell] successfully - (2.49s)
[Text Reporter] Generated TEXT report: /github/workspace/report/linters_logs/SUCCESS-SPELL_CSPELL.log

### Processing [YAML] files
- Using [yamllint v1.25.0] https://yamllint.readthedocs.io/
- Mega-Linter key: [YAML_YAMLLINT]
- Rules config: [.yaml-lint.yml]
[yamllint] .github/workflows/deploy-PROD.yml - SUCCESS - 0 error(s)
[yamllint] .github/workflows/deploy-RELEASE.yml - SUCCESS - 0 error(s)
[yamllint] .github/workflows/mega-linter.yml - SUCCESS - 0 error(s)
[yamllint] .github/workflows/test.yml - SUCCESS - 0 error(s)
[yamllint] .mega-linter.yml - SUCCESS - 0 error(s)
✅ Linted [YAML] files with [yamllint] successfully - (0.57s)

### Processing [MARKDOWN] files
- Using [markdown-link-check v0.0.0] https://github.com/tcort/markdown-link-check
- Mega-Linter key: [MARKDOWN_MARKDOWN_LINK_CHECK]
- Rules config: [.markdown-link-check.json]
[markdown-link-check] CHANGELOG.md - SUCCESS - 0 error(s)
[markdown-link-check] CODE_OF_CONDUCT.md - SUCCESS - 0 error(s)
[markdown-link-check] CONTRIBUTING.md - SUCCESS - 0 error(s)
[markdown-link-check] README.md - SUCCESS - 0 error(s)
✅ Linted [MARKDOWN] files with [markdown-link-check] successfully - (7.57s)
[Text Reporter] Generated TEXT report: /github/workspace/report/linters_logs/SUCCESS-YAML_YAMLLINT.log
[Text Reporter] Generated TEXT report: /github/workspace/report/linters_logs/SUCCESS-MARKDOWN_MARKDOWN_LINK_CHECK.log

### Processing [YAML] files
- Using [v8r v0.5.0] https://github.com/chris48s/v8r
- Mega-Linter key: [YAML_V8R]
- Rules config: identified by [v8r]
[v8r] .github/workflows/deploy-PROD.yml - SUCCESS - 0 error(s)
[v8r] .github/workflows/deploy-RELEASE.yml - SUCCESS - 0 error(s)
[v8r] .github/workflows/mega-linter.yml - SUCCESS - 0 error(s)
[v8r] .github/workflows/test.yml - SUCCESS - 0 error(s)
[v8r] .mega-linter.yml - SUCCESS - 0 error(s)
✅ Linted [YAML] files with [v8r] successfully - (2.48s)
[Text Reporter] Generated TEXT report: /github/workspace/report/linters_logs/SUCCESS-YAML_V8R.log

+----SUMMARY----+---------------------+---------+-------+--------+--------------+
| Descriptor    | Linter              |   Files | Fixed | Errors | Elapsed time |
+---------------+---------------------+---------+-------+--------+--------------+
| ✅ COPYPASTE  | jscpd               | project |       |      0 |        0.77s |
| ✅ GIT        | git_diff            | project |       |      0 |        0.01s |
| ✅ JAVASCRIPT | eslint              |       8 |     0 |      0 |        1.29s |
| ✅ JAVASCRIPT | prettier            |       8 |     0 |      0 |        4.11s |
| ✅ JSON       | eslint-plugin-jsonc |       4 |     0 |      0 |        2.01s |
| ✅ JSON       | jsonlint            |       4 |       |      0 |        1.04s |
| ✅ JSON       | v8r                 |       4 |       |      0 |        3.45s |
| ✅ MARKDOWN   | markdownlint        |       4 |     1 |      0 |        0.31s |
| ✅ MARKDOWN   | markdown-link-check |       4 |       |      0 |        7.57s |
| ✅ SPELL      | cspell              |      23 |       |      0 |        2.49s |
| ✅ SPELL      | misspell            |      23 |     1 |      0 |        0.08s |
| ✅ YAML       | v8r                 |       5 |       |      0 |        2.48s |
| ✅ YAML       | yamllint            |       5 |       |      0 |        0.57s |
+---------------+---------------------+---------+-------+--------+--------------+

[File.io Reporter] Reports are available at https://file.io/BKX4gD7U8I2u
[GitHub Comment Reporter] No pull request was found, so no comment has been posted
[Updated Sources Reporter] copied 1 fixed source files in folder /github/workspace/report/updated_sources.
Download it from artifacts then copy-paste it in your local repo to apply linters updates
✅ Successfully linted all files without errors
